[debug] [2023-09-26T08:52:58.433Z] ----------------------------------------------------------------------
[debug] [2023-09-26T08:52:58.435Z] Command:       C:\Program Files\nodejs\node.exe C:\Users\TSEPO PHETLA\AppData\Roaming\npm\node_modules\firebase-tools\lib\bin\firebase.js deploy
[debug] [2023-09-26T08:52:58.436Z] CLI Version:   12.5.4
[debug] [2023-09-26T08:52:58.436Z] Platform:      win32
[debug] [2023-09-26T08:52:58.437Z] Node Version:  v18.16.0
[debug] [2023-09-26T08:52:58.438Z] Time:          Tue Sep 26 2023 10:52:58 GMT+0200 (South Africa Standard Time)
[debug] [2023-09-26T08:52:58.438Z] ----------------------------------------------------------------------
[debug] 
[debug] [2023-09-26T08:52:58.444Z] >>> [apiv2][query] GET https://firebase-public.firebaseio.com/cli.json [none]
[debug] [2023-09-26T08:52:58.676Z] > command requires scopes: ["email","openid","https://www.googleapis.com/auth/cloudplatformprojects.readonly","https://www.googleapis.com/auth/firebase","https://www.googleapis.com/auth/cloud-platform"]
[debug] [2023-09-26T08:52:58.677Z] > authorizing via signed-in user (tsepophetla@gmail.com)
[debug] [2023-09-26T08:52:58.678Z] [iam] checking project tsepophetla-e87bb for permissions ["firebase.projects.get","firebasehosting.sites.update"]
[debug] [2023-09-26T08:52:58.680Z] > refreshing access token with scopes: []
[debug] [2023-09-26T08:52:58.682Z] >>> [apiv2][query] POST https://www.googleapis.com/oauth2/v3/token [none]
[debug] [2023-09-26T08:52:58.683Z] >>> [apiv2][body] POST https://www.googleapis.com/oauth2/v3/token [omitted]
[debug] [2023-09-26T08:52:59.214Z] <<< [apiv2][status] POST https://www.googleapis.com/oauth2/v3/token 200
[debug] [2023-09-26T08:52:59.215Z] <<< [apiv2][body] POST https://www.googleapis.com/oauth2/v3/token [omitted]
[debug] [2023-09-26T08:52:59.226Z] >>> [apiv2][query] POST https://cloudresourcemanager.googleapis.com/v1/projects/tsepophetla-e87bb:testIamPermissions [none]
[debug] [2023-09-26T08:52:59.226Z] >>> [apiv2][(partial)header] POST https://cloudresourcemanager.googleapis.com/v1/projects/tsepophetla-e87bb:testIamPermissions x-goog-quota-user=projects/tsepophetla-e87bb
[debug] [2023-09-26T08:52:59.227Z] >>> [apiv2][body] POST https://cloudresourcemanager.googleapis.com/v1/projects/tsepophetla-e87bb:testIamPermissions {"permissions":["firebase.projects.get","firebasehosting.sites.update"]}
[debug] [2023-09-26T08:53:00.586Z] <<< [apiv2][status] GET https://firebase-public.firebaseio.com/cli.json 200
[debug] [2023-09-26T08:53:00.586Z] <<< [apiv2][body] GET https://firebase-public.firebaseio.com/cli.json {"cloudBuildErrorAfter":1594252800000,"cloudBuildWarnAfter":1590019200000,"defaultNode10After":1594252800000,"minVersion":"3.0.5","node8DeploysDisabledAfter":1613390400000,"node8RuntimeDisabledAfter":1615809600000,"node8WarnAfter":1600128000000}
[debug] [2023-09-26T08:53:01.267Z] <<< [apiv2][status] POST https://cloudresourcemanager.googleapis.com/v1/projects/tsepophetla-e87bb:testIamPermissions 200
[debug] [2023-09-26T08:53:01.268Z] <<< [apiv2][body] POST https://cloudresourcemanager.googleapis.com/v1/projects/tsepophetla-e87bb:testIamPermissions {"permissions":["firebase.projects.get","firebasehosting.sites.update"]}
[debug] [2023-09-26T08:53:01.270Z] >>> [apiv2][query] GET https://firebase.googleapis.com/v1beta1/projects/tsepophetla-e87bb [none]
[debug] [2023-09-26T08:53:02.018Z] <<< [apiv2][status] GET https://firebase.googleapis.com/v1beta1/projects/tsepophetla-e87bb 200
[debug] [2023-09-26T08:53:02.019Z] <<< [apiv2][body] GET https://firebase.googleapis.com/v1beta1/projects/tsepophetla-e87bb {"projectId":"tsepophetla-e87bb","projectNumber":"1082421889667","displayName":"Tsepophetla","name":"projects/tsepophetla-e87bb","resources":{"hostingSite":"tsepophetla-e87bb","realtimeDatabaseInstance":"tsepophetla-e87bb-default-rtdb"},"state":"ACTIVE","etag":"1_371ef739-5eb4-4604-9ffa-0c06d1c9a926"}
[info] 
[info] === Deploying to 'tsepophetla-e87bb'...
[info] 
[info] i  deploying hosting 
[debug] [2023-09-26T08:53:02.032Z] >>> [apiv2][query] POST https://firebasehosting.googleapis.com/v1beta1/projects/-/sites/tsepophetla-e87bb/versions [none]
[debug] [2023-09-26T08:53:02.033Z] >>> [apiv2][body] POST https://firebasehosting.googleapis.com/v1beta1/projects/-/sites/tsepophetla-e87bb/versions {"status":"CREATED","labels":{"deployment-tool":"cli-firebase"}}
[debug] [2023-09-26T08:53:04.519Z] <<< [apiv2][status] POST https://firebasehosting.googleapis.com/v1beta1/projects/-/sites/tsepophetla-e87bb/versions 200
[debug] [2023-09-26T08:53:04.520Z] <<< [apiv2][body] POST https://firebasehosting.googleapis.com/v1beta1/projects/-/sites/tsepophetla-e87bb/versions {"name":"projects/1082421889667/sites/tsepophetla-e87bb/versions/b026096b5b878b44","status":"CREATED","config":{},"labels":{"deployment-tool":"cli-firebase"}}
[info] i  hosting[tsepophetla-e87bb]: beginning deploy... 
[info] i  hosting[tsepophetla-e87bb]: found 38 files in dist/portfolio 
[debug] [2023-09-26T08:53:04.564Z] [hosting] uploading with 200 concurrency
[debug] [2023-09-26T08:53:05.029Z] [hosting] hash cache [ZGlzdFxwb3J0Zm9saW8] stored for 38 files
[debug] [2023-09-26T08:53:05.029Z] [hosting][hash queue][FINAL] {"max":345,"min":5,"avg":43.71052631578947,"active":0,"complete":38,"success":38,"errored":0,"retried":0,"total":38,"elapsed":369}
[debug] [2023-09-26T08:53:05.030Z] >>> [apiv2][query] POST https://firebasehosting.googleapis.com/v1beta1/projects/1082421889667/sites/tsepophetla-e87bb/versions/b026096b5b878b44:populateFiles [none]
[debug] [2023-09-26T08:53:05.030Z] >>> [apiv2][body] POST https://firebasehosting.googleapis.com/v1beta1/projects/1082421889667/sites/tsepophetla-e87bb/versions/b026096b5b878b44:populateFiles {"files":{"/favicon.ico":"9e99461e730efcfb1e073f9247684e1bc4f9e5b2a84e7834c1e5deb2a7e606db","/assets/images/coming_soon.jpg":"6f21b53d9684056c93d837a81266f559b3680f9baa86ab5481ac6c688e988abd","/assets/images/crop.jpg":"bcf65022b232216a46c03300161347a66ed40d3c3fc8518f93271a6797850013","/assets/images/crop2.jpg":"784be8763b359bb93351d9a501c9cb59b7ed06f5ba1fed5b223bd0d0ebc81c38","/assets/images/css.svg":"6de3c659be6aa2e90830a835768a1aa760dda642dd7e354581e7ab22894f0ddc","/assets/images/custom_resized.jpg":"8ad1b42501879abb9b53c7c38a91b2603eddce73dfcf967e2149fba72b2776e3","/assets/images/HTML.jpg":"1751cebf5546a6afadfdb816778a3d8df9f042a81493f317ded457c544407abd","/assets/images/Java.jpg":"7f7d0dd3abce1413cbcf50321a8bdc7b91479f8df38970cea0fa1ef55b5e5819","/assets/images/javas.png":"f339e3045c35cc67fe1c616ca6aeccfdbb123d66f7f1cef2f75ad2a952c1001e","/assets/images/Logo.png":"c3149c61b9d48d6489d1d302f16b5b5640ef0055309bc952a6c8274a08c109ea","/assets/images/maxresdefault.jpg":"efbcb911b2c685e8938d83fdf3ef1c3ac3308dccb64bea348df28fca6d305bfa","/assets/images/mzamo.png":"5e3310015bd41f756288fe035bb3dcdb88bd50bb91ba12fc6c5ee43b2c68502b","/assets/images/Node js.jpg":"a0327e65d68a3f804698e6f2b03f7afb2b68600cc5e49d4854ccf6376c9eff6b","/assets/images/po.webp":"2ebf320d6f4ab94f4b509aa75c848aeb864cdc575aa075a8c0304ba0d854a7a1","/assets/images/port.PNG":"8683d6725f621f3a1cb131900afdd27d663be9419e89fef1df2ae7002262952d","/assets/images/portfolio.PNG":"2446177315860f28b567bd578c1dd82cac89cc1fb903875798d4b80e9f3aaa32","/assets/images/Python-logo-notext.svg.png":"4fa55f3943d90186dbafa3ef7321b35b8681a11faf395c7d7385d56cc74b3532","/assets/images/React-icon.svg.png":"bbc15df6f711a06405e7c0181a7f13b114773cb77ca512680212757208e8d364","/assets/images/sustain.PNG":"c90024f7450782f24c5b456a5889c2cf2d1c169a92ca4488147c8dc6e5308853","/assets/images/Sustainapp.PNG":"f781abd97d6c63d750f0a92b7915a425d6707fcc631b4fad6c01c4e5cf63984c","/assets/images/systemic-evaluation.jpg":"3918e386e25d93094062fdffa8691c943984f8dc9eeff3fcf56db49b1c2d5830","/assets/images/Tax-Calculator.PNG":"a5052d51188d9990faa058d6734b437a5ec9ff0542bd2f948d5f4717af41670d","/assets/images/taxcalculator-1080x675.jpg":"4f71dadbcb7e01e70f32bb7c08f7891ba9c44217c3b35e25ade4dec585334bbe","/assets/images/th.jpeg":"0ba310d850f0358d281553afdfd746f54410737014a8b27cfe408ad0c175fb32","/assets/images/Tkinter.webp":"9bf3e75be41d20680aca2f9e12a21edf636d0a8efc2cbc8924e88821b47854dc","/assets/images/Tsepo-Phetla-Professional-CV-Resume.pdf":"96344633754f3ae6f55481bdcd98a709aab50c3592a397609ec21bd9c6bee81b","/3rdpartylicenses.txt":"2d6e882b6195d914ca22029552fd228cf3557acbcb4fb3d94eb8aa1f71a7a2a9","/index.html":"e4026cf46e1c24f1d81ddd4fe2eff28f842eb0e028e790b92beca3fde4285802","/runtime.985c6c42fc9c4e82.js":"6cb202ed1972ece94e16d2f2c8636472da38e3bdbd1290a2bf372af5b08181ea","/polyfills.0c6fabbddaa85b8b.js":"2727064544ef9b040449abf0723a8e8f90c2dea02bd8acea001cf262c6722283","/boxicons.043adf59ff37d1cb.woff2":"1cbbeb0d1376987ebc76d6ace3ab38350b0f35917c41f8e97168547c2032fbf1","/styles.c0c9a5b8e1d84b1d.css":"154f3940fa2431d1d95bddc8d896c0f89f6397ccb17eac44a88e7f5f12106c2a","/po.9c873f1dab8ff348.webp":"2ebf320d6f4ab94f4b509aa75c848aeb864cdc575aa075a8c0304ba0d854a7a1","/boxicons.30e3c4d377f8959a.ttf":"0716a610487302731829e2823ef26c3d06ac0c0a86702ff4b9d6cec22854cc8b","/main.c4cbdf84d8f24555.js":"87cb3456988ed30a4c8d109632492848b8c8835fa5dabc3b466f83af5d1aed54","/boxicons.ea5a983e8fe53a46.woff":"061dc32668a53c5b11fe47a55f1b045ba0254c412eaa396de5eefa59dbf3aba5","/boxicons.f36b684850f370ba.eot":"1d2bd4804736d154c636a810e7943d42369e8aa89a0f720b4230e6dedaf7ef80","/boxicons.6b4a75b1d1e3ffac.svg":"2495d1ca2707d504f5ed5370fdf39d13b6c4046c6f0f3f66e1bb1d931ae92ba3"}}
[debug] [2023-09-26T08:53:07.142Z] <<< [apiv2][status] POST https://firebasehosting.googleapis.com/v1beta1/projects/1082421889667/sites/tsepophetla-e87bb/versions/b026096b5b878b44:populateFiles 200
[debug] [2023-09-26T08:53:07.143Z] <<< [apiv2][body] POST https://firebasehosting.googleapis.com/v1beta1/projects/1082421889667/sites/tsepophetla-e87bb/versions/b026096b5b878b44:populateFiles {"uploadRequiredHashes":["e4026cf46e1c24f1d81ddd4fe2eff28f842eb0e028e790b92beca3fde4285802","87cb3456988ed30a4c8d109632492848b8c8835fa5dabc3b466f83af5d1aed54"],"uploadUrl":"https://upload-firebasehosting.googleapis.com/upload/sites/tsepophetla-e87bb/versions/b026096b5b878b44/files"}
[debug] [2023-09-26T08:53:07.144Z] >>> [apiv2][query] POST https://upload-firebasehosting.googleapis.com/upload/sites/tsepophetla-e87bb/versions/b026096b5b878b44/files/e4026cf46e1c24f1d81ddd4fe2eff28f842eb0e028e790b92beca3fde4285802 [none]
[debug] [2023-09-26T08:53:07.144Z] >>> [apiv2][body] POST https://upload-firebasehosting.googleapis.com/upload/sites/tsepophetla-e87bb/versions/b026096b5b878b44/files/e4026cf46e1c24f1d81ddd4fe2eff28f842eb0e028e790b92beca3fde4285802 [stream]
[debug] [2023-09-26T08:53:07.145Z] >>> [apiv2][query] POST https://upload-firebasehosting.googleapis.com/upload/sites/tsepophetla-e87bb/versions/b026096b5b878b44/files/87cb3456988ed30a4c8d109632492848b8c8835fa5dabc3b466f83af5d1aed54 [none]
[debug] [2023-09-26T08:53:07.146Z] >>> [apiv2][body] POST https://upload-firebasehosting.googleapis.com/upload/sites/tsepophetla-e87bb/versions/b026096b5b878b44/files/87cb3456988ed30a4c8d109632492848b8c8835fa5dabc3b466f83af5d1aed54 [stream]
[debug] [2023-09-26T08:53:07.148Z] [hosting][populate queue][FINAL] {"max":2131,"min":2131,"avg":2131,"active":0,"complete":1,"success":1,"errored":0,"retried":0,"total":1,"elapsed":2135}
[debug] [2023-09-26T08:53:07.148Z] [hosting] uploads queued: 2
